\BOOKMARK [0][-]{chapter*.4}{Abstract}{}% 1
\BOOKMARK [0][-]{chapter*.5}{\334berblick}{}% 2
\BOOKMARK [0][-]{chapter*.6}{Acknowledgements}{}% 3
\BOOKMARK [0][-]{chapter*.7}{Conventions}{}% 4
\BOOKMARK [0][-]{chapter.1}{Introduction}{}% 5
\BOOKMARK [0][-]{chapter.2}{Related work}{}% 6
\BOOKMARK [1][-]{section.2.1}{Knowledge and Task Mining}{chapter.2}% 7
\BOOKMARK [1][-]{section.2.2}{Psychological Theories}{chapter.2}% 8
\BOOKMARK [2][-]{subsection.2.2.1}{Activity Theory}{section.2.2}% 9
\BOOKMARK [1][-]{section.2.3}{Machine Learning and Knowledge Management}{chapter.2}% 10
\BOOKMARK [2][-]{subsection.2.3.1}{Supervised Machine Learning}{section.2.3}% 11
\BOOKMARK [2][-]{subsection.2.3.2}{Unsupervised Machine Learning}{section.2.3}% 12
\BOOKMARK [0][-]{chapter.3}{Own work}{}% 13
\BOOKMARK [0][-]{chapter.4}{Evaluation}{}% 14
\BOOKMARK [0][-]{chapter.5}{Summary and future work}{}% 15
\BOOKMARK [1][-]{section.5.1}{Summary and contributions}{chapter.5}% 16
\BOOKMARK [1][-]{section.5.2}{Future work}{chapter.5}% 17
\BOOKMARK [0][-]{appendix.A}{TITLE OF THE FIRST APPENDIX}{}% 18
\BOOKMARK [0][-]{appendix.B}{TITLE OF THE SECOND APPENDIX}{}% 19
\BOOKMARK [0][-]{appendix.B}{Bibliography}{}% 20
\BOOKMARK [0][-]{appendix*.29}{Index}{}% 21
