This is pdfTeX, Version 3.1415926-2.4-1.40.13 (TeX Live 2012/Debian) (format=pdflatex 2013.6.7)  9 OCT 2013 12:03
entering extended mode
 restricted \write18 enabled.
 %&-line parsing enabled.
**main.tex
(./main.tex
LaTeX2e <2011/06/27>
Babel <v3.8m> and hyphenation patterns for english, dumylang, nohyphenation, lo
aded.
(/usr/share/texlive/texmf-dist/tex/latex/base/book.cls
Document Class: book 2007/10/19 v1.4h Standard LaTeX document class
(/usr/share/texlive/texmf-dist/tex/latex/base/bk11.clo
File: bk11.clo 2007/10/19 v1.4h Standard LaTeX file (size option)
)
\c@part=\count79
\c@chapter=\count80
\c@section=\count81
\c@subsection=\count82
\c@subsubsection=\count83
\c@paragraph=\count84
\c@subparagraph=\count85
\c@figure=\count86
\c@table=\count87
\abovecaptionskip=\skip41
\belowcaptionskip=\skip42
\bibindent=\dimen102
)
\@input{i10preamble.aux}
\openout2 = `i10preamble.aux'.

(./i10preamble.tex (/usr/share/texlive/texmf-dist/tex/generic/babel/babel.sty
Package: babel 2008/07/08 v3.8m The Babel package

(/usr/share/texlive/texmf-dist/tex/generic/babel/ngermanb.ldf
Language: ngermanb 2008/07/06 v2.6n new German support from the babel system

(/usr/share/texlive/texmf-dist/tex/generic/babel/babel.def
File: babel.def 2008/07/08 v3.8m Babel common definitions
\babel@savecnt=\count88
\U@D=\dimen103
)

Package babel Warning: No hyphenation patterns were loaded for
(babel)                the language `ngerman'
(babel)                I will use the patterns loaded for \language=0 instead.

\l@ngerman = a dialect from \language0
\l@naustrian = a dialect from \language\l@ngerman 
Package babel Info: Making " an active character on input line 92.
)) (/usr/share/texlive/texmf-dist/tex/latex/base/inputenc.sty
Package: inputenc 2008/03/30 v1.1d Input encoding file
\inpenc@prehook=\toks14
\inpenc@posthook=\toks15

(/usr/share/texlive/texmf-dist/tex/latex/base/utf8.def
File: utf8.def 2008/04/05 v1.1m UTF-8 support for inputenc
Now handling font encoding OML ...
... no UTF-8 mapping file for font encoding OML
Now handling font encoding T1 ...
... processing UTF-8 mapping file for font encoding T1

(/usr/share/texlive/texmf-dist/tex/latex/base/t1enc.dfu
File: t1enc.dfu 2008/04/05 v1.1m UTF-8 support for inputenc
   defining Unicode char U+00A1 (decimal 161)
   defining Unicode char U+00A3 (decimal 163)
   defining Unicode char U+00AB (decimal 171)
   defining Unicode char U+00BB (decimal 187)
   defining Unicode char U+00BF (decimal 191)
   defining Unicode char U+00C0 (decimal 192)
   defining Unicode char U+00C1 (decimal 193)
   defining Unicode char U+00C2 (decimal 194)
   defining Unicode char U+00C3 (decimal 195)
   defining Unicode char U+00C4 (decimal 196)
   defining Unicode char U+00C5 (decimal 197)
   defining Unicode char U+00C6 (decimal 198)
   defining Unicode char U+00C7 (decimal 199)
   defining Unicode char U+00C8 (decimal 200)
   defining Unicode char U+00C9 (decimal 201)
   defining Unicode char U+00CA (decimal 202)
   defining Unicode char U+00CB (decimal 203)
   defining Unicode char U+00CC (decimal 204)
   defining Unicode char U+00CD (decimal 205)
   defining Unicode char U+00CE (decimal 206)
   defining Unicode char U+00CF (decimal 207)
   defining Unicode char U+00D0 (decimal 208)
   defining Unicode char U+00D1 (decimal 209)
   defining Unicode char U+00D2 (decimal 210)
   defining Unicode char U+00D3 (decimal 211)
   defining Unicode char U+00D4 (decimal 212)
   defining Unicode char U+00D5 (decimal 213)
   defining Unicode char U+00D6 (decimal 214)
   defining Unicode char U+00D8 (decimal 216)
   defining Unicode char U+00D9 (decimal 217)
   defining Unicode char U+00DA (decimal 218)
   defining Unicode char U+00DB (decimal 219)
   defining Unicode char U+00DC (decimal 220)
   defining Unicode char U+00DD (decimal 221)
   defining Unicode char U+00DE (decimal 222)
   defining Unicode char U+00DF (decimal 223)
   defining Unicode char U+00E0 (decimal 224)
   defining Unicode char U+00E1 (decimal 225)
   defining Unicode char U+00E2 (decimal 226)
   defining Unicode char U+00E3 (decimal 227)
   defining Unicode char U+00E4 (decimal 228)
   defining Unicode char U+00E5 (decimal 229)
   defining Unicode char U+00E6 (decimal 230)
   defining Unicode char U+00E7 (decimal 231)
   defining Unicode char U+00E8 (decimal 232)
   defining Unicode char U+00E9 (decimal 233)
   defining Unicode char U+00EA (decimal 234)
   defining Unicode char U+00EB (decimal 235)
   defining Unicode char U+00EC (decimal 236)
   defining Unicode char U+00ED (decimal 237)
   defining Unicode char U+00EE (decimal 238)
   defining Unicode char U+00EF (decimal 239)
   defining Unicode char U+00F0 (decimal 240)
   defining Unicode char U+00F1 (decimal 241)
   defining Unicode char U+00F2 (decimal 242)
   defining Unicode char U+00F3 (decimal 243)
   defining Unicode char U+00F4 (decimal 244)
   defining Unicode char U+00F5 (decimal 245)
   defining Unicode char U+00F6 (decimal 246)
   defining Unicode char U+00F8 (decimal 248)
   defining Unicode char U+00F9 (decimal 249)
   defining Unicode char U+00FA (decimal 250)
   defining Unicode char U+00FB (decimal 251)
   defining Unicode char U+00FC (decimal 252)
   defining Unicode char U+00FD (decimal 253)
   defining Unicode char U+00FE (decimal 254)
   defining Unicode char U+00FF (decimal 255)
   defining Unicode char U+0102 (decimal 258)
   defining Unicode char U+0103 (decimal 259)
   defining Unicode char U+0104 (decimal 260)
   defining Unicode char U+0105 (decimal 261)
   defining Unicode char U+0106 (decimal 262)
   defining Unicode char U+0107 (decimal 263)
   defining Unicode char U+010C (decimal 268)
   defining Unicode char U+010D (decimal 269)
   defining Unicode char U+010E (decimal 270)
   defining Unicode char U+010F (decimal 271)
   defining Unicode char U+0110 (decimal 272)
   defining Unicode char U+0111 (decimal 273)
   defining Unicode char U+0118 (decimal 280)
   defining Unicode char U+0119 (decimal 281)
   defining Unicode char U+011A (decimal 282)
   defining Unicode char U+011B (decimal 283)
   defining Unicode char U+011E (decimal 286)
   defining Unicode char U+011F (decimal 287)
   defining Unicode char U+0130 (decimal 304)
   defining Unicode char U+0131 (decimal 305)
   defining Unicode char U+0132 (decimal 306)
   defining Unicode char U+0133 (decimal 307)
   defining Unicode char U+0139 (decimal 313)
   defining Unicode char U+013A (decimal 314)
   defining Unicode char U+013D (decimal 317)
   defining Unicode char U+013E (decimal 318)
   defining Unicode char U+0141 (decimal 321)
   defining Unicode char U+0142 (decimal 322)
   defining Unicode char U+0143 (decimal 323)
   defining Unicode char U+0144 (decimal 324)
   defining Unicode char U+0147 (decimal 327)
   defining Unicode char U+0148 (decimal 328)
   defining Unicode char U+014A (decimal 330)
   defining Unicode char U+014B (decimal 331)
   defining Unicode char U+0150 (decimal 336)
   defining Unicode char U+0151 (decimal 337)
   defining Unicode char U+0152 (decimal 338)
   defining Unicode char U+0153 (decimal 339)
   defining Unicode char U+0154 (decimal 340)
   defining Unicode char U+0155 (decimal 341)
   defining Unicode char U+0158 (decimal 344)
   defining Unicode char U+0159 (decimal 345)
   defining Unicode char U+015A (decimal 346)
   defining Unicode char U+015B (decimal 347)
   defining Unicode char U+015E (decimal 350)
   defining Unicode char U+015F (decimal 351)
   defining Unicode char U+0160 (decimal 352)
   defining Unicode char U+0161 (decimal 353)
   defining Unicode char U+0162 (decimal 354)
   defining Unicode char U+0163 (decimal 355)
   defining Unicode char U+0164 (decimal 356)
   defining Unicode char U+0165 (decimal 357)
   defining Unicode char U+016E (decimal 366)
   defining Unicode char U+016F (decimal 367)
   defining Unicode char U+0170 (decimal 368)
   defining Unicode char U+0171 (decimal 369)
   defining Unicode char U+0178 (decimal 376)
   defining Unicode char U+0179 (decimal 377)
   defining Unicode char U+017A (decimal 378)
   defining Unicode char U+017B (decimal 379)
   defining Unicode char U+017C (decimal 380)
   defining Unicode char U+017D (decimal 381)
   defining Unicode char U+017E (decimal 382)
   defining Unicode char U+200C (decimal 8204)
   defining Unicode char U+2013 (decimal 8211)
   defining Unicode char U+2014 (decimal 8212)
   defining Unicode char U+2018 (decimal 8216)
   defining Unicode char U+2019 (decimal 8217)
   defining Unicode char U+201A (decimal 8218)
   defining Unicode char U+201C (decimal 8220)
   defining Unicode char U+201D (decimal 8221)
   defining Unicode char U+201E (decimal 8222)
   defining Unicode char U+2030 (decimal 8240)
   defining Unicode char U+2031 (decimal 8241)
   defining Unicode char U+2039 (decimal 8249)
   defining Unicode char U+203A (decimal 8250)
   defining Unicode char U+2423 (decimal 9251)
)
Now handling font encoding OT1 ...
... processing UTF-8 mapping file for font encoding OT1

(/usr/share/texlive/texmf-dist/tex/latex/base/ot1enc.dfu
File: ot1enc.dfu 2008/04/05 v1.1m UTF-8 support for inputenc
   defining Unicode char U+00A1 (decimal 161)
   defining Unicode char U+00A3 (decimal 163)
   defining Unicode char U+00B8 (decimal 184)
   defining Unicode char U+00BF (decimal 191)
   defining Unicode char U+00C5 (decimal 197)
   defining Unicode char U+00C6 (decimal 198)
   defining Unicode char U+00D8 (decimal 216)
   defining Unicode char U+00DF (decimal 223)
   defining Unicode char U+00E6 (decimal 230)
   defining Unicode char U+00EC (decimal 236)
   defining Unicode char U+00ED (decimal 237)
   defining Unicode char U+00EE (decimal 238)
   defining Unicode char U+00EF (decimal 239)
   defining Unicode char U+00F8 (decimal 248)
   defining Unicode char U+0131 (decimal 305)
   defining Unicode char U+0141 (decimal 321)
   defining Unicode char U+0142 (decimal 322)
   defining Unicode char U+0152 (decimal 338)
   defining Unicode char U+0153 (decimal 339)
   defining Unicode char U+2013 (decimal 8211)
   defining Unicode char U+2014 (decimal 8212)
   defining Unicode char U+2018 (decimal 8216)
   defining Unicode char U+2019 (decimal 8217)
   defining Unicode char U+201C (decimal 8220)
   defining Unicode char U+201D (decimal 8221)
)
Now handling font encoding OMS ...
... processing UTF-8 mapping file for font encoding OMS

(/usr/share/texlive/texmf-dist/tex/latex/base/omsenc.dfu
File: omsenc.dfu 2008/04/05 v1.1m UTF-8 support for inputenc
   defining Unicode char U+00A7 (decimal 167)
   defining Unicode char U+00B6 (decimal 182)
   defining Unicode char U+00B7 (decimal 183)
   defining Unicode char U+2020 (decimal 8224)
   defining Unicode char U+2021 (decimal 8225)
   defining Unicode char U+2022 (decimal 8226)
)
Now handling font encoding OMX ...
... no UTF-8 mapping file for font encoding OMX
Now handling font encoding U ...
... no UTF-8 mapping file for font encoding U
   defining Unicode char U+00A9 (decimal 169)
   defining Unicode char U+00AA (decimal 170)
   defining Unicode char U+00AE (decimal 174)
   defining Unicode char U+00BA (decimal 186)
   defining Unicode char U+02C6 (decimal 710)
   defining Unicode char U+02DC (decimal 732)
   defining Unicode char U+200C (decimal 8204)
   defining Unicode char U+2026 (decimal 8230)
   defining Unicode char U+2122 (decimal 8482)
   defining Unicode char U+2423 (decimal 9251)
))
(/usr/share/texlive/texmf-dist/tex/latex/base/fontenc.sty
Package: fontenc 2005/09/27 v1.99g Standard LaTeX package

(/usr/share/texlive/texmf-dist/tex/latex/base/t1enc.def
File: t1enc.def 2005/09/27 v1.99g Standard LaTeX file
LaTeX Font Info:    Redeclaring font encoding T1 on input line 43.
))
(/usr/share/texmf/tex/latex/lm/lmodern.sty
Package: lmodern 2009/10/30 v1.6 Latin Modern Fonts
LaTeX Font Info:    Overwriting symbol font `operators' in version `normal'
(Font)                  OT1/cmr/m/n --> OT1/lmr/m/n on input line 22.
LaTeX Font Info:    Overwriting symbol font `letters' in version `normal'
(Font)                  OML/cmm/m/it --> OML/lmm/m/it on input line 23.
LaTeX Font Info:    Overwriting symbol font `symbols' in version `normal'
(Font)                  OMS/cmsy/m/n --> OMS/lmsy/m/n on input line 24.
LaTeX Font Info:    Overwriting symbol font `largesymbols' in version `normal'
(Font)                  OMX/cmex/m/n --> OMX/lmex/m/n on input line 25.
LaTeX Font Info:    Overwriting symbol font `operators' in version `bold'
(Font)                  OT1/cmr/bx/n --> OT1/lmr/bx/n on input line 26.
LaTeX Font Info:    Overwriting symbol font `letters' in version `bold'
(Font)                  OML/cmm/b/it --> OML/lmm/b/it on input line 27.
LaTeX Font Info:    Overwriting symbol font `symbols' in version `bold'
(Font)                  OMS/cmsy/b/n --> OMS/lmsy/b/n on input line 28.
LaTeX Font Info:    Overwriting symbol font `largesymbols' in version `bold'
(Font)                  OMX/cmex/m/n --> OMX/lmex/m/n on input line 29.
LaTeX Font Info:    Overwriting math alphabet `\mathbf' in version `normal'
(Font)                  OT1/cmr/bx/n --> OT1/lmr/bx/n on input line 31.
LaTeX Font Info:    Overwriting math alphabet `\mathsf' in version `normal'
(Font)                  OT1/cmss/m/n --> OT1/lmss/m/n on input line 32.
LaTeX Font Info:    Overwriting math alphabet `\mathit' in version `normal'
(Font)                  OT1/cmr/m/it --> OT1/lmr/m/it on input line 33.
LaTeX Font Info:    Overwriting math alphabet `\mathtt' in version `normal'
(Font)                  OT1/cmtt/m/n --> OT1/lmtt/m/n on input line 34.
LaTeX Font Info:    Overwriting math alphabet `\mathbf' in version `bold'
(Font)                  OT1/cmr/bx/n --> OT1/lmr/bx/n on input line 35.
LaTeX Font Info:    Overwriting math alphabet `\mathsf' in version `bold'
(Font)                  OT1/cmss/bx/n --> OT1/lmss/bx/n on input line 36.
LaTeX Font Info:    Overwriting math alphabet `\mathit' in version `bold'
(Font)                  OT1/cmr/bx/it --> OT1/lmr/bx/it on input line 37.
LaTeX Font Info:    Overwriting math alphabet `\mathtt' in version `bold'
(Font)                  OT1/cmtt/m/n --> OT1/lmtt/m/n on input line 38.
)
(/usr/share/texlive/texmf-dist/tex/latex/acronym/acronym.sty
Package: acronym 2010/09/08 v1.36 Support for acronyms (Tobias Oetiker)

(/usr/share/texlive/texmf-dist/tex/latex/bigfoot/suffix.sty
Package: suffix 2006/07/15 1.5 Variant command support
)
\AC@clearlist=\toks16
)
(/usr/share/texlive/texmf-dist/tex/latex/booktabs/booktabs.sty
Package: booktabs 2005/04/14 v1.61803 publication quality tables
\heavyrulewidth=\dimen104
\lightrulewidth=\dimen105
\cmidrulewidth=\dimen106
\belowrulesep=\dimen107
\belowbottomsep=\dimen108
\aboverulesep=\dimen109
\abovetopsep=\dimen110
\cmidrulesep=\dimen111
\cmidrulekern=\dimen112
\defaultaddspace=\dimen113
\@cmidla=\count89
\@cmidlb=\count90
\@aboverulesep=\dimen114
\@belowrulesep=\dimen115
\@thisruleclass=\count91
\@lastruleclass=\count92
\@thisrulewidth=\dimen116
)
(/usr/share/texlive/texmf-dist/tex/latex/base/latexsym.sty
Package: latexsym 1998/08/17 v2.2e Standard LaTeX package (lasy symbols)
\symlasy=\mathgroup4
LaTeX Font Info:    Overwriting symbol font `lasy' in version `bold'
(Font)                  U/lasy/m/n --> U/lasy/b/n on input line 47.
)
(/usr/share/texlive/texmf-dist/tex/latex/amsmath/amsmath.sty
Package: amsmath 2000/07/18 v2.13 AMS math features
\@mathmargin=\skip43

For additional information on amsmath, use the `?' option.
(/usr/share/texlive/texmf-dist/tex/latex/amsmath/amstext.sty
Package: amstext 2000/06/29 v2.01

(/usr/share/texlive/texmf-dist/tex/latex/amsmath/amsgen.sty
File: amsgen.sty 1999/11/30 v2.0
\@emptytoks=\toks17
\ex@=\dimen117
))
(/usr/share/texlive/texmf-dist/tex/latex/amsmath/amsbsy.sty
Package: amsbsy 1999/11/29 v1.2d
\pmbraise@=\dimen118
)
(/usr/share/texlive/texmf-dist/tex/latex/amsmath/amsopn.sty
Package: amsopn 1999/12/14 v2.01 operator names
)
\inf@bad=\count93
LaTeX Info: Redefining \frac on input line 211.
\uproot@=\count94
\leftroot@=\count95
LaTeX Info: Redefining \overline on input line 307.
\classnum@=\count96
\DOTSCASE@=\count97
LaTeX Info: Redefining \ldots on input line 379.
LaTeX Info: Redefining \dots on input line 382.
LaTeX Info: Redefining \cdots on input line 467.
\Mathstrutbox@=\box26
\strutbox@=\box27
\big@size=\dimen119
LaTeX Font Info:    Redeclaring font encoding OML on input line 567.
LaTeX Font Info:    Redeclaring font encoding OMS on input line 568.
\macc@depth=\count98
\c@MaxMatrixCols=\count99
\dotsspace@=\muskip10
\c@parentequation=\count100
\dspbrk@lvl=\count101
\tag@help=\toks18
\row@=\count102
\column@=\count103
\maxfields@=\count104
\andhelp@=\toks19
\eqnshift@=\dimen120
\alignsep@=\dimen121
\tagshift@=\dimen122
\tagwidth@=\dimen123
\totwidth@=\dimen124
\lineht@=\dimen125
\@envbody=\toks20
\multlinegap=\skip44
\multlinetaggap=\skip45
\mathdisplay@stack=\toks21
LaTeX Info: Redefining \[ on input line 2666.
LaTeX Info: Redefining \] on input line 2667.
)
(/usr/share/texlive/texmf-dist/tex/latex/amsfonts/amssymb.sty
Package: amssymb 2009/06/22 v3.00

(/usr/share/texlive/texmf-dist/tex/latex/amsfonts/amsfonts.sty
Package: amsfonts 2009/06/22 v3.00 Basic AMSFonts support
\symAMSa=\mathgroup5
\symAMSb=\mathgroup6
LaTeX Font Info:    Overwriting math alphabet `\mathfrak' in version `bold'
(Font)                  U/euf/m/n --> U/euf/b/n on input line 96.
))
(/usr/share/texlive/texmf-dist/tex/latex/graphics/color.sty
Package: color 2005/11/14 v1.0j Standard LaTeX Color (DPC)

(/usr/share/texlive/texmf-dist/tex/latex/latexconfig/color.cfg
File: color.cfg 2007/01/18 v1.5 color configuration of teTeX/TeXLive
)
Package color Info: Driver file: pdftex.def on input line 130.

(/usr/share/texlive/texmf-dist/tex/latex/pdftex-def/pdftex.def
File: pdftex.def 2011/05/27 v0.06d Graphics/color for pdfTeX

(/usr/share/texlive/texmf-dist/tex/generic/oberdiek/infwarerr.sty
Package: infwarerr 2010/04/08 v1.3 Providing info/warning/error messages (HO)
)
(/usr/share/texlive/texmf-dist/tex/generic/oberdiek/ltxcmds.sty
Package: ltxcmds 2011/11/09 v1.22 LaTeX kernel commands for general use (HO)
)
\Gread@gobject=\count105
))
(/usr/share/texlive/texmf-dist/tex/latex/graphics/graphicx.sty
Package: graphicx 1999/02/16 v1.0f Enhanced LaTeX Graphics (DPC,SPQR)

(/usr/share/texlive/texmf-dist/tex/latex/graphics/keyval.sty
Package: keyval 1999/03/16 v1.13 key=value parser (DPC)
\KV@toks@=\toks22
)
(/usr/share/texlive/texmf-dist/tex/latex/graphics/graphics.sty
Package: graphics 2009/02/05 v1.0o Standard LaTeX Graphics (DPC,SPQR)

(/usr/share/texlive/texmf-dist/tex/latex/graphics/trig.sty
Package: trig 1999/03/16 v1.09 sin cos tan (DPC)
)
(/usr/share/texlive/texmf-dist/tex/latex/latexconfig/graphics.cfg
File: graphics.cfg 2010/04/23 v1.9 graphics configuration of TeX Live
)
Package graphics Info: Driver file: pdftex.def on input line 91.
)
\Gin@req@height=\dimen126
\Gin@req@width=\dimen127
)
(./noindent.sty) (/usr/share/texlive/texmf-dist/tex/latex/psnfss/palatino.sty
Package: palatino 2005/04/12 PSNFSS-v9.2a (SPQR) 
)
(/usr/share/texlive/texmf-dist/tex/latex/natbib/natbib.sty
Package: natbib 2010/09/13 8.31b (PWD, AO)
\bibhang=\skip46
\bibsep=\skip47
LaTeX Info: Redefining \cite on input line 694.
\c@NAT@ctr=\count106
)
(/usr/share/texlive/texmf-dist/tex/latex/base/ifthen.sty
Package: ifthen 2001/05/26 v1.1c Standard LaTeX ifthen package (DPC)
)
(/usr/share/texlive/texmf-dist/tex/latex/mparhack/mparhack.sty
Package: mparhack 2005/04/17 v1.4 (T. Sgouros and S. Ulrich)
)
(/usr/share/texlive/texmf-dist/tex/latex/hyperref/hyperref.sty
Package: hyperref 2012/05/13 v6.82q Hypertext links for LaTeX

(/usr/share/texlive/texmf-dist/tex/generic/oberdiek/hobsub-hyperref.sty
Package: hobsub-hyperref 2012/05/28 v1.13 Bundle oberdiek, subset hyperref (HO)


(/usr/share/texlive/texmf-dist/tex/generic/oberdiek/hobsub-generic.sty
Package: hobsub-generic 2012/05/28 v1.13 Bundle oberdiek, subset generic (HO)
Package: hobsub 2012/05/28 v1.13 Construct package bundles (HO)
Package hobsub Info: Skipping package `infwarerr' (already loaded).
Package hobsub Info: Skipping package `ltxcmds' (already loaded).
Package: ifluatex 2010/03/01 v1.3 Provides the ifluatex switch (HO)
Package ifluatex Info: LuaTeX not detected.
Package: ifvtex 2010/03/01 v1.5 Detect VTeX and its facilities (HO)
Package ifvtex Info: VTeX not detected.
Package: intcalc 2007/09/27 v1.1 Expandable calculations with integers (HO)
Package: ifpdf 2011/01/30 v2.3 Provides the ifpdf switch (HO)
Package ifpdf Info: pdfTeX in PDF mode is detected.
Package: etexcmds 2011/02/16 v1.5 Avoid name clashes with e-TeX commands (HO)
Package etexcmds Info: Could not find \expanded.
(etexcmds)             That can mean that you are not using pdfTeX 1.50 or
(etexcmds)             that some package has redefined \expanded.
(etexcmds)             In the latter case, load this package earlier.
Package: kvsetkeys 2012/04/25 v1.16 Key value parser (HO)
Package: kvdefinekeys 2011/04/07 v1.3 Define keys (HO)
Package: pdftexcmds 2011/11/29 v0.20 Utility functions of pdfTeX for LuaTeX (HO
)
Package pdftexcmds Info: LuaTeX not detected.
Package pdftexcmds Info: \pdf@primitive is available.
Package pdftexcmds Info: \pdf@ifprimitive is available.
Package pdftexcmds Info: \pdfdraftmode found.
Package: pdfescape 2011/11/25 v1.13 Implements pdfTeX's escape features (HO)
Package: bigintcalc 2012/04/08 v1.3 Expandable calculations on big integers (HO
)
Package: bitset 2011/01/30 v1.1 Handle bit-vector datatype (HO)
Package: uniquecounter 2011/01/30 v1.2 Provide unlimited unique counter (HO)
)
Package hobsub Info: Skipping package `hobsub' (already loaded).
Package: letltxmacro 2010/09/02 v1.4 Let assignment for LaTeX macros (HO)
Package: hopatch 2012/05/28 v1.2 Wrapper for package hooks (HO)
Package: xcolor-patch 2011/01/30 xcolor patch
Package: atveryend 2011/06/30 v1.8 Hooks at the very end of document (HO)
Package atveryend Info: \enddocument detected (standard20110627).
Package: atbegshi 2011/10/05 v1.16 At begin shipout hook (HO)
Package: refcount 2011/10/16 v3.4 Data extraction from label references (HO)
Package: hycolor 2011/01/30 v1.7 Color options for hyperref/bookmark (HO)
)
(/usr/share/texlive/texmf-dist/tex/generic/ifxetex/ifxetex.sty
Package: ifxetex 2010/09/12 v0.6 Provides ifxetex conditional
)
(/usr/share/texlive/texmf-dist/tex/latex/oberdiek/kvoptions.sty
Package: kvoptions 2011/06/30 v3.11 Key value format for package options (HO)
)
\@linkdim=\dimen128
\Hy@linkcounter=\count107
\Hy@pagecounter=\count108

(/usr/share/texlive/texmf-dist/tex/latex/hyperref/pd1enc.def
File: pd1enc.def 2012/05/13 v6.82q Hyperref: PDFDocEncoding definition (HO)
Now handling font encoding PD1 ...
... no UTF-8 mapping file for font encoding PD1
)
\Hy@SavedSpaceFactor=\count109

(/usr/share/texlive/texmf-dist/tex/latex/latexconfig/hyperref.cfg
File: hyperref.cfg 2002/06/06 v1.2 hyperref configuration of TeXLive
)
Package hyperref Info: Option `plainpages' set `false' on input line 3941.
Package hyperref Info: Option `pdfpagelabels' set `true' on input line 3941.
Package hyperref Info: Hyper figures OFF on input line 4062.
Package hyperref Info: Link nesting OFF on input line 4067.
Package hyperref Info: Hyper index ON on input line 4070.
Package hyperref Info: Plain pages OFF on input line 4077.
Package hyperref Info: Backreferencing OFF on input line 4082.
Package hyperref Info: Implicit mode ON; LaTeX internals redefined.
Package hyperref Info: Bookmarks ON on input line 4300.
\c@Hy@tempcnt=\count110

(/usr/share/texlive/texmf-dist/tex/latex/url/url.sty
\Urlmuskip=\muskip11
Package: url 2006/04/12  ver 3.3  Verb mode for urls, etc.
)
LaTeX Info: Redefining \url on input line 4653.
\Fld@menulength=\count111
\Field@Width=\dimen129
\Fld@charsize=\dimen130
Package hyperref Info: Hyper figures OFF on input line 5773.
Package hyperref Info: Link nesting OFF on input line 5778.
Package hyperref Info: Hyper index ON on input line 5781.
Package hyperref Info: backreferencing OFF on input line 5788.
Package hyperref Info: Link coloring OFF on input line 5793.
Package hyperref Info: Link coloring with OCG OFF on input line 5798.
Package hyperref Info: PDF/A mode OFF on input line 5803.
LaTeX Info: Redefining \ref on input line 5843.
LaTeX Info: Redefining \pageref on input line 5847.
\Hy@abspage=\count112
\c@Item=\count113
\c@Hfootnote=\count114
)

Package hyperref Message: Driver: hpdftex.

(/usr/share/texlive/texmf-dist/tex/latex/hyperref/hpdftex.def
File: hpdftex.def 2012/05/13 v6.82q Hyperref driver for pdfTeX
\Fld@listcount=\count115
\c@bookmark@seq@number=\count116

(/usr/share/texlive/texmf-dist/tex/latex/oberdiek/rerunfilecheck.sty
Package: rerunfilecheck 2011/04/15 v1.7 Rerun checks for auxiliary files (HO)
Package uniquecounter Info: New unique counter `rerunfilecheck' on input line 2
82.
)
\Hy@SectionHShift=\skip48
)
(/usr/share/texlive/texmf-dist/tex/latex/fancyhdr/fancyhdr.sty
\fancy@headwidth=\skip49
\f@ncyO@elh=\skip50
\f@ncyO@erh=\skip51
\f@ncyO@olh=\skip52
\f@ncyO@orh=\skip53
\f@ncyO@elf=\skip54
\f@ncyO@erf=\skip55
\f@ncyO@olf=\skip56
\f@ncyO@orf=\skip57
)
\fullwidth=\skip58

(/usr/share/texlive/texmf-dist/tex/latex/eso-pic/eso-pic.sty
Package: eso-pic 2010/10/06 v2.0c eso-pic (RN)
)
(/usr/share/texlive/texmf-dist/tex/latex/base/makeidx.sty
Package: makeidx 2000/03/29 v1.0m Standard LaTeX package
)
\@indexfile=\write3
\openout3 = `main.idx'.


Writing index file main.idx
Package color Info: Redefining color blue on input line 356.
(/usr/share/texlive/texmf-dist/tex/latex/changepage/chngpage.sty
Package: chngpage 2009/10/20 v1.2b change page layout
\c@cp@cnt=\count117
\c@cp@tempcnt=\count118
)
(/usr/share/texlive/texmf-dist/tex/latex/caption/caption.sty
Package: caption 2012/02/19 v3.2f Customizing captions (AR)

(/usr/share/texlive/texmf-dist/tex/latex/caption/caption3.sty
Package: caption3 2012/01/12 v1.4b caption3 kernel (AR)
\captionmargin=\dimen131
\captionmargin@=\dimen132
\captionwidth=\dimen133
\caption@indent=\dimen134
\caption@parindent=\dimen135
\caption@hangindent=\dimen136
)
\c@ContinuedFloat=\count119
Package caption Info: hyperref package is loaded.
)
(/usr/share/texlive/texmf-dist/tex/latex/rotating/rotating.sty
Package: rotating 2009/03/28 v2.16a rotated objects in LaTeX
\c@r@tfl@t=\count120
\rotFPtop=\skip59
\rotFPbot=\skip60
\rot@float@box=\box28
\rot@mess@toks=\toks23
)
\myDefBoxWidth=\skip61
\myBigDefBoxWidth=\skip62

(/usr/share/texlive/texmf-dist/tex/latex/base/alltt.sty
Package: alltt 1997/06/16 v2.0g defines alltt environment
)
Package color Info: Redefining color red on input line 640.
) (./main.aux
(./introduction.aux) (./relatedwork.aux) (./ownwork.aux) (./evaluation.aux)
(./summaryandfuturework.aux) (./acronyme.aux))
\openout1 = `main.aux'.

LaTeX Font Info:    Checking defaults for OML/cmm/m/it on input line 42.
LaTeX Font Info:    ... okay on input line 42.
LaTeX Font Info:    Checking defaults for T1/cmr/m/n on input line 42.
LaTeX Font Info:    ... okay on input line 42.
LaTeX Font Info:    Checking defaults for OT1/cmr/m/n on input line 42.
LaTeX Font Info:    ... okay on input line 42.
LaTeX Font Info:    Checking defaults for OMS/cmsy/m/n on input line 42.
LaTeX Font Info:    ... okay on input line 42.
LaTeX Font Info:    Checking defaults for OMX/cmex/m/n on input line 42.
LaTeX Font Info:    ... okay on input line 42.
LaTeX Font Info:    Checking defaults for U/cmr/m/n on input line 42.
LaTeX Font Info:    ... okay on input line 42.
LaTeX Font Info:    Checking defaults for PD1/pdf/m/n on input line 42.
LaTeX Font Info:    ... okay on input line 42.
LaTeX Font Info:    Try loading font information for T1+ppl on input line 42.

(/usr/share/texlive/texmf-dist/tex/latex/psnfss/t1ppl.fd
File: t1ppl.fd 2001/06/04 font definitions for T1/ppl.
)
(/usr/share/texlive/texmf-dist/tex/context/base/supp-pdf.mkii
[Loading MPS to PDF converter (version 2006.09.02).]
\scratchcounter=\count121
\scratchdimen=\dimen137
\scratchbox=\box29
\nofMPsegments=\count122
\nofMParguments=\count123
\everyMPshowfont=\toks24
\MPscratchCnt=\count124
\MPscratchDim=\dimen138
\MPnumerator=\count125
\makeMPintoPDFobject=\count126
\everyMPtoPDFconversion=\toks25
) (/usr/share/texlive/texmf-dist/tex/latex/oberdiek/epstopdf-base.sty
Package: epstopdf-base 2010/02/09 v2.5 Base part for package epstopdf

(/usr/share/texlive/texmf-dist/tex/latex/oberdiek/grfext.sty
Package: grfext 2010/08/19 v1.1 Manage graphics extensions (HO)
)
Package grfext Info: Graphics extension search list:
(grfext)             [.png,.pdf,.jpg,.mps,.jpeg,.jbig2,.jb2,.PNG,.PDF,.JPG,.JPE
G,.JBIG2,.JB2,.eps]
(grfext)             \AppendGraphicsExtensions on input line 452.

(/usr/share/texlive/texmf-dist/tex/latex/latexconfig/epstopdf-sys.cfg
File: epstopdf-sys.cfg 2010/07/13 v1.3 Configuration of (r)epstopdf for TeX Liv
e
))
\AtBeginShipoutBox=\box30
Package hyperref Info: Link coloring OFF on input line 42.

(/usr/share/texlive/texmf-dist/tex/latex/hyperref/nameref.sty
Package: nameref 2010/04/30 v2.40 Cross-referencing by name of section

(/usr/share/texlive/texmf-dist/tex/generic/oberdiek/gettitlestring.sty
Package: gettitlestring 2010/12/03 v1.4 Cleanup title references (HO)
)
\c@section@level=\count127
)
LaTeX Info: Redefining \ref on input line 42.
LaTeX Info: Redefining \pageref on input line 42.
LaTeX Info: Redefining \nameref on input line 42.

(./main.out) (./main.out)
\@outlinefile=\write4
\openout4 = `main.out'.

Package caption Info: Begin \AtBeginDocument code.
Package caption Info: rotating package is loaded.
Package caption Info: End \AtBeginDocument code.
LaTeX Font Info:    Font shape `T1/ppl/bx/n' in size <12> not available
(Font)              Font shape `T1/ppl/b/n' tried instead on input line 64.
 [1



\reset@newl@bel



{/var/lib/texmf/fonts/map/pdftex/updmap/pdftex.map}]
LaTeX Font Info:    Font shape `T1/ppl/bx/n' in size <10.95> not available
(Font)              Font shape `T1/ppl/b/n' tried instead on input line 90.
 [2

]
LaTeX Font Info:    Font shape `T1/ppl/bx/n' in size <24.88> not available
(Font)              Font shape `T1/ppl/b/n' tried instead on input line 90.
 (./main.toc
LaTeX Font Info:    Try loading font information for OT1+lmr on input line 4.

(/usr/share/texmf/tex/latex/lm/ot1lmr.fd
File: ot1lmr.fd 2009/10/30 v1.6 Font defs for Latin Modern
)
LaTeX Font Info:    Try loading font information for OML+lmm on input line 4.

(/usr/share/texmf/tex/latex/lm/omllmm.fd
File: omllmm.fd 2009/10/30 v1.6 Font defs for Latin Modern
)
LaTeX Font Info:    Try loading font information for OMS+lmsy on input line 4.

(/usr/share/texmf/tex/latex/lm/omslmsy.fd
File: omslmsy.fd 2009/10/30 v1.6 Font defs for Latin Modern
)
LaTeX Font Info:    Try loading font information for OMX+lmex on input line 4.

(/usr/share/texmf/tex/latex/lm/omxlmex.fd
File: omxlmex.fd 2009/10/30 v1.6 Font defs for Latin Modern
)
LaTeX Font Info:    External font `lmex10' loaded for size
(Font)              <10.95> on input line 4.
LaTeX Font Info:    External font `lmex10' loaded for size
(Font)              <8> on input line 4.
LaTeX Font Info:    External font `lmex10' loaded for size
(Font)              <6> on input line 4.
LaTeX Font Info:    Try loading font information for U+lasy on input line 4.

(/usr/share/texlive/texmf-dist/tex/latex/base/ulasy.fd
File: ulasy.fd 1998/08/17 v2.2e LaTeX symbol font definitions
)
LaTeX Font Info:    Try loading font information for U+msa on input line 4.

(/usr/share/texlive/texmf-dist/tex/latex/amsfonts/umsa.fd
File: umsa.fd 2009/06/22 v3.00 AMS symbols A
)
LaTeX Font Info:    Try loading font information for U+msb on input line 4.

(/usr/share/texlive/texmf-dist/tex/latex/amsfonts/umsb.fd
File: umsb.fd 2009/06/22 v3.00 AMS symbols B
)
Package acronym Info: Label `acro:MHP' newly defined as it shall be overridden
although it is yet undefined on input line 8.
Package acronym Info: Label `acro:GOMS' newly defined as it shall be overridden

although it is yet undefined on input line 8.
 [3])
\tf@toc=\write5
\openout5 = `main.toc'.

 [4]
\openout2 = `introduction.aux'.


(./introduction.tex
Kapitel 1.
LaTeX Font Info:    Font shape `T1/ppl/bx/n' in size <20.74> not available
(Font)              Font shape `T1/ppl/b/n' tried instead on input line 6.
[1



]
Package acronym Info: Label `acro:AI' newly defined as it shall be overridden
although it is yet undefined on input line 16.

Underfull \vbox (badness 10000) has occurred while \output is active []

 [2]
Overfull \hbox (12.27496pt too wide) in paragraph at lines 34--35
[][] 
 []

) [3] [4



]
\openout2 = `relatedwork.aux'.

 (./relatedwork.tex
Kapitel 2.
Package acronym Info: Label `acro:ICT' newly defined as it shall be overridden
although it is yet undefined on input line 8.
LaTeX Font Info:    Font shape `T1/ppl/bx/n' in size <14.4> not available
(Font)              Font shape `T1/ppl/b/n' tried instead on input line 10.
LaTeX Font Info:    Try loading font information for T1+phv on input line 12.
(/usr/share/texlive/texmf-dist/tex/latex/psnfss/t1phv.fd
File: t1phv.fd 2001/06/04 scalable font definitions for T1/phv.
)
<images/digital.jpg, id=188, 526.96875pt x 483.8075pt>
File: images/digital.jpg Graphic file (type jpg)

<use images/digital.jpg>
Package pdftex.def Info: images/digital.jpg used on input line 16.
(pdftex.def)             Requested size: 120.44441pt x 120.44957pt.
 [5


]
Package acronym Info: Label `acro:KM' newly defined as it shall be overridden
although it is yet undefined on input line 25.

Underfull \vbox (badness 3229) has occurred while \output is active []

 [6 <./images/digital.jpg>] [7]
<images/knowledge_mining.jpg, id=239, 418.56375pt x 592.2125pt>
File: images/knowledge_mining.jpg Graphic file (type jpg)

<use images/knowledge_mining.jpg>
Package pdftex.def Info: images/knowledge_mining.jpg used on input line 50.
(pdftex.def)             Requested size: 120.4479pt x 190.71371pt.
Package acronym Info: Label `acro:CAS' newly defined as it shall be overridden
although it is yet undefined on input line 55.
Package acronym Info: Label `acro:NLP' newly defined as it shall be overridden
although it is yet undefined on input line 55.
LaTeX Font Info:    External font `lmex10' loaded for size
(Font)              <9> on input line 55.
LaTeX Font Info:    External font `lmex10' loaded for size
(Font)              <5> on input line 55.
Package acronym Info: Label `acro:AAS' newly defined as it shall be overridden
although it is yet undefined on input line 55.
Package acronym Info: Label `acro:IAS' newly defined as it shall be overridden
although it is yet undefined on input line 55.
 [8 <./images/knowledge_mining.jpg>]
Package acronym Info: Label `acro:CBRS' newly defined as it shall be overridden

although it is yet undefined on input line 63.

Underfull \vbox (badness 10000) has occurred while \output is active []

 [9]
Underfull \vbox (badness 3547) has occurred while \output is active []

 [10]
<images/k_model.jpg, id=330, 602.25pt x 191.71625pt>
File: images/k_model.jpg Graphic file (type jpg)
 <use images/k_model.jpg>
Package pdftex.def Info: images/k_model.jpg used on input line 77.
(pdftex.def)             Requested size: 369.8991pt x 120.45131pt.

[11 <./images/k_model.jpg>]
Package acronym Info: Label `acro:AT' newly defined as it shall be overridden
although it is yet undefined on input line 91.
Package acronym Info: Label `acro:ANT' newly defined as it shall be overridden
although it is yet undefined on input line 91.
Package acronym Info: Label `acro:DC' newly defined as it shall be overridden
although it is yet undefined on input line 91.
Package acronym Info: Label `acro:HCI' newly defined as it shall be overridden
although it is yet undefined on input line 91.

Underfull \vbox (badness 10000) has occurred while \output is active []

 [12]
<images/psychology.jpg, id=366, 720.6925pt x 511.9125pt>
File: images/psychology.jpg Graphic file (type jpg)

<use images/psychology.jpg>
Package pdftex.def Info: images/psychology.jpg used on input line 95.
(pdftex.def)             Requested size: 200.74782pt x 120.44786pt.
 [13 <./images/psychology.jpg>]
<images/mhp.jpeg, id=392, 853.1875pt x 841.1425pt>
File: images/mhp.jpeg Graphic file (type jpg)
 <use images/mhp.jpeg>
Package pdftex.def Info: images/mhp.jpeg used on input line 110.
(pdftex.def)             Requested size: 321.20732pt x 321.20332pt.


Package natbib Warning: Citation `6' on page 14 undefined on input line 116.

<images/goms.jpg, id=406, 602.25pt x 469.755pt>
File: images/goms.jpg Graphic file (type jpg)
 <use images/goms.jpg>
Package pdftex.def Info: images/goms.jpg used on input line 122.
(pdftex.def)             Requested size: 321.21268pt x 281.05237pt.
 [14]
Underfull \vbox (badness 10000) has occurred while \output is active []

 [15 <./images/mhp.jpeg>] [16 <./images/goms.jpg>]
<images/sor.jpg, id=442, 624.3325pt x 178.6675pt>
File: images/sor.jpg Graphic file (type jpg)
 <use images/sor.jpg>
Package pdftex.def Info: images/sor.jpg used on input line 148.
(pdftex.def)             Requested size: 100.37157pt x 40.14937pt.

<images/activity_theory.jpg, id=450, 477.785pt x 312.16624pt>
File: images/activity_theory.jpg Graphic file (type jpg)

<use images/activity_theory.jpg>
Package pdftex.def Info: images/activity_theory.jpg used on input line 159.
(pdftex.def)             Requested size: 220.8263pt x 180.68025pt.

Underfull \vbox (badness 1776) has occurred while \output is active []

 [17 <./images/sor.jpg> <./images/activity_theory.jpg>]
<images/distributed.jpg, id=473, 602.25pt x 220.825pt>
File: images/distributed.jpg Graphic file (type jpg)

<use images/distributed.jpg>
Package pdftex.def Info: images/distributed.jpg used on input line 181.
(pdftex.def)             Requested size: 200.74643pt x 100.37444pt.
 [18] [19 <./images/distributed.jpg>]
<images/intentions1.jpg, id=536, 813.0375pt x 455.7025pt>
File: images/intentions1.jpg Graphic file (type jpg)

<use images/intentions1.jpg>
Package pdftex.def Info: images/intentions1.jpg used on input line 198.
(pdftex.def)             Requested size: 351.31133pt x 250.94308pt.
 [20] [21 <./images/intentions1.jpg>]
Package acronym Info: Label `acro:DM' newly defined as it shall be overridden
although it is yet undefined on input line 215.
 [22]
Package acronym Info: Label `acro:TF-IDF' newly defined as it shall be overridd
en
although it is yet undefined on input line 231.
Package acronym Info: Label `acro:IR' newly defined as it shall be overridden
although it is yet undefined on input line 231.

<images/granitzer.jpg, id=606, 602.25pt x 407.5225pt>
File: images/granitzer.jpg Graphic file (type jpg)

<use images/granitzer.jpg>
Package pdftex.def Info: images/granitzer.jpg used on input line 234.
(pdftex.def)             Requested size: 240.90088pt x 163.01233pt.

Overfull \hbox (12.27496pt too wide) in paragraph at lines 244--245
[][] 
 []

[23 <./images/granitzer.jpg>]
Overfull \hbox (12.27496pt too wide) in paragraph at lines 252--253
[][] 
 []

Package acronym Info: Label `acro:KNN' newly defined as it shall be overridden
although it is yet undefined on input line 256.
Package acronym Info: Label `acro:NB' newly defined as it shall be overridden
although it is yet undefined on input line 256.
Package acronym Info: Label `acro:SVM' newly defined as it shall be overridden
although it is yet undefined on input line 256.

LaTeX Warning: Command \^ invalid in math mode on input line 256.


Overfull \hbox (12.27496pt too wide) in paragraph at lines 262--263
[][] 
 []

[24]
Overfull \hbox (12.27496pt too wide) in paragraph at lines 270--271
[][] 
 []


Overfull \hbox (12.27496pt too wide) in paragraph at lines 278--279
[][] 
 []

<images/caad.jpg, id=634, 401.5pt x 293.095pt>
File: images/caad.jpg Graphic file (type jpg)
 <use images/caad.jpg>
Package pdftex.def Info: images/caad.jpg used on input line 287.
(pdftex.def)             Requested size: 200.75562pt x 130.48723pt.
Package acronym Info: Label `acro:GaP' newly defined as it shall be overridden
although it is yet undefined on input line 304.
Package acronym Info: Label `acro:LSA' newly defined as it shall be overridden
although it is yet undefined on input line 304.
 [25 <./images/caad.jpg>] <images/cloud.jpg, id=647, 750.805pt x 727.71875pt>
File: images/cloud.jpg Graphic file (type jpg)

<use images/cloud.jpg>
Package pdftex.def Info: images/cloud.jpg used on input line 308.
(pdftex.def)             Requested size: 130.4878pt x 130.48404pt.

Overfull \hbox (12.27496pt too wide) in paragraph at lines 317--318
[][] 
 []


Overfull \hbox (12.27496pt too wide) in paragraph at lines 325--326
[][] 
 []


Overfull \hbox (12.27496pt too wide) in paragraph at lines 333--334
[][] 
 []


Overfull \hbox (12.27496pt too wide) in paragraph at lines 341--342
[][] 
 []

[26 <./images/cloud.jpg>] [27]) [28]
\openout2 = `ownwork.aux'.

 (./ownwork.tex
Kapitel 3.
LaTeX Font Info:    Try loading font information for OMS+ppl on input line 10.
(/usr/share/texlive/texmf-dist/tex/latex/psnfss/omsppl.fd
File: omsppl.fd 
)
LaTeX Font Info:    Font shape `OMS/ppl/m/n' in size <10.95> not available
(Font)              Font shape `OMS/cmsy/m/n' tried instead on input line 10.
 [29





] [30]) [31]
[32]
\openout2 = `evaluation.aux'.

 (./evaluation.tex
Kapitel 4.
) [33





] [34



]
\openout2 = `summaryandfuturework.aux'.

 (./summaryandfuturework.tex
Kapitel 5.
) [35


] [36



]
\openout2 = `acronyme.aux'.

 (./acronyme.tex
LaTeX Font Info:    Font shape `T1/phv/bx/n' in size <10.95> not available
(Font)              Font shape `T1/phv/b/n' tried instead on input line 1.
) [37



pdfTeX warning (ext4): destination with the same identifier (name{SVM}) has bee
n already used, duplicate ignored

\AtBegShi@Output ...ipout \box \AtBeginShipoutBox 
                                                  \fi \fi 
l.140 \include{acronyme}
                        ] (./main.bbl [38



] [39]
LaTeX Font Info:    Try loading font information for T1+pcr on input line 164.

(/usr/share/texlive/texmf-dist/tex/latex/psnfss/t1pcr.fd
File: t1pcr.fd 2001/06/04 font definitions for T1/pcr.
) [40] [41] [42])
[43] [44


] (./main.ind) [45]

Package natbib Warning: There were undefined citations.

[46]
Package atveryend Info: Empty hook `BeforeClearDocument' on input line 164.
Package atveryend Info: Empty hook `AfterLastShipout' on input line 164.
 (./main.aux (./introduction.aux) (./relatedwork.aux) (./ownwork.aux)
(./evaluation.aux) (./summaryandfuturework.aux) (./acronyme.aux))
Package atveryend Info: Executing hook `AtVeryEndDocument' on input line 164.
Package atveryend Info: Executing hook `AtEndAfterFileList' on input line 164.
Package rerunfilecheck Info: File `main.out' has not changed.
(rerunfilecheck)             Checksum: 8660B6881F38DD86A63CD80338D38104;1526.


LaTeX Warning: Label(s) may have changed. Rerun to get cross-references right.

Package atveryend Info: Empty hook `AtVeryVeryEnd' on input line 164.
 ) 
Here is how much of TeX's memory you used:
 9627 strings out of 495059
 139205 string characters out of 3182031
 231939 words of memory out of 3000000
 12300 multiletter control sequences out of 15000+200000
 56646 words of font info for 84 fonts, out of 3000000 for 9000
 18 hyphenation exceptions out of 8191
 40i,12n,49p,1793b,579s stack positions out of 5000i,500n,10000p,200000b,50000s
{/usr/share/texlive/texmf-dist/fonts/enc/dvips/base/8r.enc}{/usr/share/texmf/
fonts/enc/dvips/lm/lm-mathex.enc}{/usr/share/texmf/fonts/enc/dvips/lm/lm-rm.enc
}{/usr/share/texmf/fonts/enc/dvips/lm/lm-mathit.enc}</usr/share/texlive/texmf-d
ist/fonts/type1/public/amsfonts/cm/cmsy10.pfb></usr/share/texmf/fonts/type1/pub
lic/lm/lmex10.pfb></usr/share/texmf/fonts/type1/public/lm/lmmi10.pfb></usr/shar
e/texmf/fonts/type1/public/lm/lmr10.pfb></usr/share/texlive/texmf-dist/fonts/ty
pe1/urw/courier/ucrr8a.pfb></usr/share/texlive/texmf-dist/fonts/type1/urw/helve
tic/uhvb8a.pfb></usr/share/texlive/texmf-dist/fonts/type1/urw/helvetic/uhvr8a.p
fb></usr/share/texlive/texmf-dist/fonts/type1/urw/palatino/uplb8a.pfb></usr/sha
re/texlive/texmf-dist/fonts/type1/urw/palatino/uplr8a.pfb></usr/share/texlive/t
exmf-dist/fonts/type1/urw/palatino/uplr8a.pfb></usr/share/texlive/texmf-dist/fo
nts/type1/urw/palatino/uplri8a.pfb>
Output written on main.pdf (50 pages, 710680 bytes).
PDF statistics:
 898 PDF objects out of 1000 (max. 8388607)
 812 compressed objects within 9 object streams
 227 named destinations out of 1000 (max. 500000)
 242 words of extra memory for PDF output out of 10000 (max. 10000000)

